The system is: Linux - 6.12.20_1 - x86_64
Compiling the CXX compiler identification source file "CMakeCXXCompilerId.cpp" succeeded.
Compiler: /cvmfs/emphatic.opensciencegrid.org/products/gcc/v9_3_0/Linux64bit+3.10-2.17/bin/g++ 
Build flags: 
Id flags:  

The output was:
0


Compilation of the CXX compiler identification source "CMakeCXXCompilerId.cpp" produced "a.out"

The CXX compiler identification is GNU, found in "/build/CMakeFiles/3.24.1/CompilerIdCXX/a.out"

Compiling the C compiler identification source file "CMakeCCompilerId.c" succeeded.
Compiler: /cvmfs/emphatic.opensciencegrid.org/products/gcc/v9_3_0/Linux64bit+3.10-2.17/bin/gcc 
Build flags: 
Id flags:  

The output was:
0


Compilation of the C compiler identification source "CMakeCCompilerId.c" produced "a.out"

The C compiler identification is GNU, found in "/build/CMakeFiles/3.24.1/CompilerIdC/a.out"

Detecting CXX compiler ABI info compiled with the following output:
Change Dir: /build/CMakeFiles/CMakeTmp

Run Build Command(s):/cvmfs/emphatic.opensciencegrid.org/products/ninja/v1_11_0/Linux64bit+3.10-2.17/bin/ninja cmTC_24361 && [1/2] Building CXX object CMakeFiles/cmTC_24361.dir/CMakeCXXCompilerABI.cpp.o
Using built-in specs.
COLLECT_GCC=/cvmfs/emphatic.opensciencegrid.org/products/gcc/v9_3_0/Linux64bit+3.10-2.17/bin/g++
Target: x86_64-pc-linux-gnu
Configured with: /scratch/workspace/art-build-base/v11_00_00/SLF7/build/gcc/v9_3_0/src/gcc-9.3.0/configure --prefix=/scratch/workspace/art-build-base/v11_00_00/SLF7/build/gcc/v9_3_0/Linux64bit+3.10-2.17 --disable-libgcj --enable-threads=posix --enable-__cxa_atexit --enable-languages=c,c++,fortran,lto --with-system-zlib --enable-libstdcxx-time=rt --enable-stage1-checking=yes --enable-checking=release --enable-plugin --enable-lto
Thread model: posix
gcc version 9.3.0 (GCC) 
COLLECT_GCC_OPTIONS='-v' '-std=c++17' '-o' 'CMakeFiles/cmTC_24361.dir/CMakeCXXCompilerABI.cpp.o' '-c' '-shared-libgcc' '-mtune=generic' '-march=x86-64'
 /cvmfs/emphatic.opensciencegrid.org/products/gcc/v9_3_0/Linux64bit+3.10-2.17/bin/../libexec/gcc/x86_64-pc-linux-gnu/9.3.0/cc1plus -quiet -v -iprefix /cvmfs/emphatic.opensciencegrid.org/products/gcc/v9_3_0/Linux64bit+3.10-2.17/bin/../lib/gcc/x86_64-pc-linux-gnu/9.3.0/ -D_GNU_SOURCE /cvmfs/emphatic.opensciencegrid.org/products/cmake/v3_24_1/Linux64bit+3.10-2.17/share/cmake-3.24/Modules/CMakeCXXCompilerABI.cpp -quiet -dumpbase CMakeCXXCompilerABI.cpp -mtune=generic -march=x86-64 -auxbase-strip CMakeFiles/cmTC_24361.dir/CMakeCXXCompilerABI.cpp.o -std=c++17 -version -o /tmp/ccU9q8Vu.s
GNU C++17 (GCC) version 9.3.0 (x86_64-pc-linux-gnu)
	compiled by GNU C version 9.3.0, GMP version 6.2.0, MPFR version 4.0.2, MPC version 1.1.0, isl version isl-0.18-GMP

GGC heuristics: --param ggc-min-expand=100 --param ggc-min-heapsize=131072
ignoring nonexistent directory "/cvmfs/emphatic.opensciencegrid.org/products/gcc/v9_3_0/Linux64bit+3.10-2.17/bin/../lib/gcc/x86_64-pc-linux-gnu/9.3.0/../../../../x86_64-pc-linux-gnu/include"
ignoring duplicate directory "/cvmfs/emphatic.opensciencegrid.org/products/gcc/v9_3_0/Linux64bit+3.10-2.17/bin/../lib/gcc/../../lib/gcc/x86_64-pc-linux-gnu/9.3.0/../../../../include/c++/9.3.0"
ignoring duplicate directory "/cvmfs/emphatic.opensciencegrid.org/products/gcc/v9_3_0/Linux64bit+3.10-2.17/bin/../lib/gcc/../../lib/gcc/x86_64-pc-linux-gnu/9.3.0/../../../../include/c++/9.3.0/x86_64-pc-linux-gnu"
ignoring duplicate directory "/cvmfs/emphatic.opensciencegrid.org/products/gcc/v9_3_0/Linux64bit+3.10-2.17/bin/../lib/gcc/../../lib/gcc/x86_64-pc-linux-gnu/9.3.0/../../../../include/c++/9.3.0/backward"
ignoring duplicate directory "/cvmfs/emphatic.opensciencegrid.org/products/gcc/v9_3_0/Linux64bit+3.10-2.17/bin/../lib/gcc/../../lib/gcc/x86_64-pc-linux-gnu/9.3.0/include"
ignoring duplicate directory "/cvmfs/emphatic.opensciencegrid.org/products/gcc/v9_3_0/Linux64bit+3.10-2.17/bin/../lib/gcc/../../lib/gcc/x86_64-pc-linux-gnu/9.3.0/include-fixed"
ignoring nonexistent directory "/cvmfs/emphatic.opensciencegrid.org/products/gcc/v9_3_0/Linux64bit+3.10-2.17/bin/../lib/gcc/../../lib/gcc/x86_64-pc-linux-gnu/9.3.0/../../../../x86_64-pc-linux-gnu/include"
#include "..." search starts here:
#include <...> search starts here:
 /cvmfs/emphatic.opensciencegrid.org/products/tbb/v2021_7_0/Linux64bit+3.10-2.17-e20/include
 /cvmfs/emphatic.opensciencegrid.org/products/gcc/v9_3_0/Linux64bit+3.10-2.17/bin/../lib/gcc/x86_64-pc-linux-gnu/9.3.0/../../../../include/c++/9.3.0
 /cvmfs/emphatic.opensciencegrid.org/products/gcc/v9_3_0/Linux64bit+3.10-2.17/bin/../lib/gcc/x86_64-pc-linux-gnu/9.3.0/../../../../include/c++/9.3.0/x86_64-pc-linux-gnu
 /cvmfs/emphatic.opensciencegrid.org/products/gcc/v9_3_0/Linux64bit+3.10-2.17/bin/../lib/gcc/x86_64-pc-linux-gnu/9.3.0/../../../../include/c++/9.3.0/backward
 /cvmfs/emphatic.opensciencegrid.org/products/gcc/v9_3_0/Linux64bit+3.10-2.17/bin/../lib/gcc/x86_64-pc-linux-gnu/9.3.0/include
 /cvmfs/emphatic.opensciencegrid.org/products/gcc/v9_3_0/Linux64bit+3.10-2.17/bin/../lib/gcc/x86_64-pc-linux-gnu/9.3.0/include-fixed
 /usr/local/include
 /cvmfs/emphatic.opensciencegrid.org/products/gcc/v9_3_0/Linux64bit+3.10-2.17/bin/../lib/gcc/../../include
 /usr/include
End of search list.
GNU C++17 (GCC) version 9.3.0 (x86_64-pc-linux-gnu)
	compiled by GNU C version 9.3.0, GMP version 6.2.0, MPFR version 4.0.2, MPC version 1.1.0, isl version isl-0.18-GMP

GGC heuristics: --param ggc-min-expand=100 --param ggc-min-heapsize=131072
Compiler executable checksum: dc3b2bd628154baa68a7c9e3106d599e
COLLECT_GCC_OPTIONS='-v' '-std=c++17' '-o' 'CMakeFiles/cmTC_24361.dir/CMakeCXXCompilerABI.cpp.o' '-c' '-shared-libgcc' '-mtune=generic' '-march=x86-64'
 as -v --64 -o CMakeFiles/cmTC_24361.dir/CMakeCXXCompilerABI.cpp.o /tmp/ccU9q8Vu.s
GNU assembler version 2.27 (x86_64-redhat-linux) using BFD version version 2.27-44.base.el7
COMPILER_PATH=/cvmfs/emphatic.opensciencegrid.org/products/gcc/v9_3_0/Linux64bit+3.10-2.17/bin/../libexec/gcc/x86_64-pc-linux-gnu/9.3.0/:/cvmfs/emphatic.opensciencegrid.org/products/gcc/v9_3_0/Linux64bit+3.10-2.17/bin/../libexec/gcc/:/cvmfs/emphatic.opensciencegrid.org/products/gcc/v9_3_0/Linux64bit+3.10-2.17/bin/
LIBRARY_PATH=/cvmfs/emphatic.opensciencegrid.org/products/gcc/v9_3_0/Linux64bit+3.10-2.17/bin/../lib/gcc/x86_64-pc-linux-gnu/9.3.0/:/cvmfs/emphatic.opensciencegrid.org/products/gcc/v9_3_0/Linux64bit+3.10-2.17/bin/../lib/gcc/:/cvmfs/emphatic.opensciencegrid.org/products/gcc/v9_3_0/Linux64bit+3.10-2.17/bin/../lib/gcc/x86_64-pc-linux-gnu/9.3.0/../../../../lib64/:/lib/../lib64/:/usr/lib/../lib64/:/cvmfs/emphatic.opensciencegrid.org/products/libwda/v2_30_0/Linux64bit+3.10-2.17/lib/:/cvmfs/emphatic.opensciencegrid.org/products/gcc/v9_3_0/Linux64bit+3.10-2.17/bin/../lib/gcc/x86_64-pc-linux-gnu/9.3.0/../../../:/lib/:/usr/lib/
COLLECT_GCC_OPTIONS='-v' '-std=c++17' '-o' 'CMakeFiles/cmTC_24361.dir/CMakeCXXCompilerABI.cpp.o' '-c' '-shared-libgcc' '-mtune=generic' '-march=x86-64'
[2/2] Linking CXX executable cmTC_24361
Using built-in specs.
COLLECT_GCC=/cvmfs/emphatic.opensciencegrid.org/products/gcc/v9_3_0/Linux64bit+3.10-2.17/bin/g++
COLLECT_LTO_WRAPPER=/cvmfs/emphatic.opensciencegrid.org/products/gcc/v9_3_0/Linux64bit+3.10-2.17/bin/../libexec/gcc/x86_64-pc-linux-gnu/9.3.0/lto-wrapper
Target: x86_64-pc-linux-gnu
Configured with: /scratch/workspace/art-build-base/v11_00_00/SLF7/build/gcc/v9_3_0/src/gcc-9.3.0/configure --prefix=/scratch/workspace/art-build-base/v11_00_00/SLF7/build/gcc/v9_3_0/Linux64bit+3.10-2.17 --disable-libgcj --enable-threads=posix --enable-__cxa_atexit --enable-languages=c,c++,fortran,lto --with-system-zlib --enable-libstdcxx-time=rt --enable-stage1-checking=yes --enable-checking=release --enable-plugin --enable-lto
Thread model: posix
gcc version 9.3.0 (GCC) 
COMPILER_PATH=/cvmfs/emphatic.opensciencegrid.org/products/gcc/v9_3_0/Linux64bit+3.10-2.17/bin/../libexec/gcc/x86_64-pc-linux-gnu/9.3.0/:/cvmfs/emphatic.opensciencegrid.org/products/gcc/v9_3_0/Linux64bit+3.10-2.17/bin/../libexec/gcc/:/cvmfs/emphatic.opensciencegrid.org/products/gcc/v9_3_0/Linux64bit+3.10-2.17/bin/
LIBRARY_PATH=/cvmfs/emphatic.opensciencegrid.org/products/gcc/v9_3_0/Linux64bit+3.10-2.17/bin/../lib/gcc/x86_64-pc-linux-gnu/9.3.0/:/cvmfs/emphatic.opensciencegrid.org/products/gcc/v9_3_0/Linux64bit+3.10-2.17/bin/../lib/gcc/:/cvmfs/emphatic.opensciencegrid.org/products/gcc/v9_3_0/Linux64bit+3.10-2.17/bin/../lib/gcc/x86_64-pc-linux-gnu/9.3.0/../../../../lib64/:/lib/../lib64/:/usr/lib/../lib64/:/cvmfs/emphatic.opensciencegrid.org/products/libwda/v2_30_0/Linux64bit+3.10-2.17/lib/:/cvmfs/emphatic.opensciencegrid.org/products/gcc/v9_3_0/Linux64bit+3.10-2.17/bin/../lib/gcc/x86_64-pc-linux-gnu/9.3.0/../../../:/lib/:/usr/lib/
COLLECT_GCC_OPTIONS='-v' '-o' 'cmTC_24361' '-shared-libgcc' '-mtune=generic' '-march=x86-64'
 /cvmfs/emphatic.opensciencegrid.org/products/gcc/v9_3_0/Linux64bit+3.10-2.17/bin/../libexec/gcc/x86_64-pc-linux-gnu/9.3.0/collect2 -plugin /cvmfs/emphatic.opensciencegrid.org/products/gcc/v9_3_0/Linux64bit+3.10-2.17/bin/../libexec/gcc/x86_64-pc-linux-gnu/9.3.0/liblto_plugin.so -plugin-opt=/cvmfs/emphatic.opensciencegrid.org/products/gcc/v9_3_0/Linux64bit+3.10-2.17/bin/../libexec/gcc/x86_64-pc-linux-gnu/9.3.0/lto-wrapper -plugin-opt=-fresolution=/tmp/ccI2EjZI.res -plugin-opt=-pass-through=-lgcc_s -plugin-opt=-pass-through=-lgcc -plugin-opt=-pass-through=-lc -plugin-opt=-pass-through=-lgcc_s -plugin-opt=-pass-through=-lgcc --eh-frame-hdr -m elf_x86_64 -dynamic-linker /lib64/ld-linux-x86-64.so.2 -o cmTC_24361 /lib/../lib64/crt1.o /lib/../lib64/crti.o /cvmfs/emphatic.opensciencegrid.org/products/gcc/v9_3_0/Linux64bit+3.10-2.17/bin/../lib/gcc/x86_64-pc-linux-gnu/9.3.0/crtbegin.o -L/cvmfs/emphatic.opensciencegrid.org/products/gcc/v9_3_0/Linux64bit+3.10-2.17/bin/../lib/gcc/x86_64-pc-linux-gnu/9.3.0 -L/cvmfs/emphatic.opensciencegrid.org/products/gcc/v9_3_0/Linux64bit+3.10-2.17/bin/../lib/gcc -L/cvmfs/emphatic.opensciencegrid.org/products/gcc/v9_3_0/Linux64bit+3.10-2.17/bin/../lib/gcc/x86_64-pc-linux-gnu/9.3.0/../../../../lib64 -L/lib/../lib64 -L/usr/lib/../lib64 -L/cvmfs/emphatic.opensciencegrid.org/products/libwda/v2_30_0/Linux64bit+3.10-2.17/lib -L/cvmfs/emphatic.opensciencegrid.org/products/gcc/v9_3_0/Linux64bit+3.10-2.17/bin/../lib/gcc/x86_64-pc-linux-gnu/9.3.0/../../.. CMakeFiles/cmTC_24361.dir/CMakeCXXCompilerABI.cpp.o -lstdc++ -lm -lgcc_s -lgcc -lc -lgcc_s -lgcc /cvmfs/emphatic.opensciencegrid.org/products/gcc/v9_3_0/Linux64bit+3.10-2.17/bin/../lib/gcc/x86_64-pc-linux-gnu/9.3.0/crtend.o /lib/../lib64/crtn.o
COLLECT_GCC_OPTIONS='-v' '-o' 'cmTC_24361' '-shared-libgcc' '-mtune=generic' '-march=x86-64'



Parsed CXX implicit include dir info from above output: rv=done
  found start of include info
  found start of implicit include info
    add: [/cvmfs/emphatic.opensciencegrid.org/products/tbb/v2021_7_0/Linux64bit+3.10-2.17-e20/include]
    add: [/cvmfs/emphatic.opensciencegrid.org/products/gcc/v9_3_0/Linux64bit+3.10-2.17/bin/../lib/gcc/x86_64-pc-linux-gnu/9.3.0/../../../../include/c++/9.3.0]
    add: [/cvmfs/emphatic.opensciencegrid.org/products/gcc/v9_3_0/Linux64bit+3.10-2.17/bin/../lib/gcc/x86_64-pc-linux-gnu/9.3.0/../../../../include/c++/9.3.0/x86_64-pc-linux-gnu]
    add: [/cvmfs/emphatic.opensciencegrid.org/products/gcc/v9_3_0/Linux64bit+3.10-2.17/bin/../lib/gcc/x86_64-pc-linux-gnu/9.3.0/../../../../include/c++/9.3.0/backward]
    add: [/cvmfs/emphatic.opensciencegrid.org/products/gcc/v9_3_0/Linux64bit+3.10-2.17/bin/../lib/gcc/x86_64-pc-linux-gnu/9.3.0/include]
    add: [/cvmfs/emphatic.opensciencegrid.org/products/gcc/v9_3_0/Linux64bit+3.10-2.17/bin/../lib/gcc/x86_64-pc-linux-gnu/9.3.0/include-fixed]
    add: [/usr/local/include]
    add: [/cvmfs/emphatic.opensciencegrid.org/products/gcc/v9_3_0/Linux64bit+3.10-2.17/bin/../lib/gcc/../../include]
    add: [/usr/include]
  end of search list found
  collapse include dir [/cvmfs/emphatic.opensciencegrid.org/products/tbb/v2021_7_0/Linux64bit+3.10-2.17-e20/include] ==> [/cvmfs/emphatic.opensciencegrid.org/products/tbb/v2021_7_0/Linux64bit+3.10-2.17-e20/include]
  collapse include dir [/cvmfs/emphatic.opensciencegrid.org/products/gcc/v9_3_0/Linux64bit+3.10-2.17/bin/../lib/gcc/x86_64-pc-linux-gnu/9.3.0/../../../../include/c++/9.3.0] ==> [/cvmfs/emphatic.opensciencegrid.org/products/gcc/v9_3_0/Linux64bit+3.10-2.17/include/c++/9.3.0]
  collapse include dir [/cvmfs/emphatic.opensciencegrid.org/products/gcc/v9_3_0/Linux64bit+3.10-2.17/bin/../lib/gcc/x86_64-pc-linux-gnu/9.3.0/../../../../include/c++/9.3.0/x86_64-pc-linux-gnu] ==> [/cvmfs/emphatic.opensciencegrid.org/products/gcc/v9_3_0/Linux64bit+3.10-2.17/include/c++/9.3.0/x86_64-pc-linux-gnu]
  collapse include dir [/cvmfs/emphatic.opensciencegrid.org/products/gcc/v9_3_0/Linux64bit+3.10-2.17/bin/../lib/gcc/x86_64-pc-linux-gnu/9.3.0/../../../../include/c++/9.3.0/backward] ==> [/cvmfs/emphatic.opensciencegrid.org/products/gcc/v9_3_0/Linux64bit+3.10-2.17/include/c++/9.3.0/backward]
  collapse include dir [/cvmfs/emphatic.opensciencegrid.org/products/gcc/v9_3_0/Linux64bit+3.10-2.17/bin/../lib/gcc/x86_64-pc-linux-gnu/9.3.0/include] ==> [/cvmfs/emphatic.opensciencegrid.org/products/gcc/v9_3_0/Linux64bit+3.10-2.17/lib/gcc/x86_64-pc-linux-gnu/9.3.0/include]
  collapse include dir [/cvmfs/emphatic.opensciencegrid.org/products/gcc/v9_3_0/Linux64bit+3.10-2.17/bin/../lib/gcc/x86_64-pc-linux-gnu/9.3.0/include-fixed] ==> [/cvmfs/emphatic.opensciencegrid.org/products/gcc/v9_3_0/Linux64bit+3.10-2.17/lib/gcc/x86_64-pc-linux-gnu/9.3.0/include-fixed]
  collapse include dir [/usr/local/include] ==> [/usr/local/include]
  collapse include dir [/cvmfs/emphatic.opensciencegrid.org/products/gcc/v9_3_0/Linux64bit+3.10-2.17/bin/../lib/gcc/../../include] ==> [/cvmfs/emphatic.opensciencegrid.org/products/gcc/v9_3_0/Linux64bit+3.10-2.17/include]
  collapse include dir [/usr/include] ==> [/usr/include]
  implicit include dirs: [/cvmfs/emphatic.opensciencegrid.org/products/tbb/v2021_7_0/Linux64bit+3.10-2.17-e20/include;/cvmfs/emphatic.opensciencegrid.org/products/gcc/v9_3_0/Linux64bit+3.10-2.17/include/c++/9.3.0;/cvmfs/emphatic.opensciencegrid.org/products/gcc/v9_3_0/Linux64bit+3.10-2.17/include/c++/9.3.0/x86_64-pc-linux-gnu;/cvmfs/emphatic.opensciencegrid.org/products/gcc/v9_3_0/Linux64bit+3.10-2.17/include/c++/9.3.0/backward;/cvmfs/emphatic.opensciencegrid.org/products/gcc/v9_3_0/Linux64bit+3.10-2.17/lib/gcc/x86_64-pc-linux-gnu/9.3.0/include;/cvmfs/emphatic.opensciencegrid.org/products/gcc/v9_3_0/Linux64bit+3.10-2.17/lib/gcc/x86_64-pc-linux-gnu/9.3.0/include-fixed;/usr/local/include;/cvmfs/emphatic.opensciencegrid.org/products/gcc/v9_3_0/Linux64bit+3.10-2.17/include;/usr/include]


Parsed CXX implicit link information from above output:
  link line regex: [^( *|.*[/\])(ld|CMAKE_LINK_STARTFILE-NOTFOUND|([^/\]+-)?ld|collect2)[^/\]*( |$)]
  ignore line: [Change Dir: /build/CMakeFiles/CMakeTmp]
  ignore line: []
  ignore line: [Run Build Command(s):/cvmfs/emphatic.opensciencegrid.org/products/ninja/v1_11_0/Linux64bit+3.10-2.17/bin/ninja cmTC_24361 && [1/2] Building CXX object CMakeFiles/cmTC_24361.dir/CMakeCXXCompilerABI.cpp.o]
  ignore line: [Using built-in specs.]
  ignore line: [COLLECT_GCC=/cvmfs/emphatic.opensciencegrid.org/products/gcc/v9_3_0/Linux64bit+3.10-2.17/bin/g++]
  ignore line: [Target: x86_64-pc-linux-gnu]
  ignore line: [Configured with: /scratch/workspace/art-build-base/v11_00_00/SLF7/build/gcc/v9_3_0/src/gcc-9.3.0/configure --prefix=/scratch/workspace/art-build-base/v11_00_00/SLF7/build/gcc/v9_3_0/Linux64bit+3.10-2.17 --disable-libgcj --enable-threads=posix --enable-__cxa_atexit --enable-languages=c c++ fortran lto --with-system-zlib --enable-libstdcxx-time=rt --enable-stage1-checking=yes --enable-checking=release --enable-plugin --enable-lto]
  ignore line: [Thread model: posix]
  ignore line: [gcc version 9.3.0 (GCC) ]
  ignore line: [COLLECT_GCC_OPTIONS='-v' '-std=c++17' '-o' 'CMakeFiles/cmTC_24361.dir/CMakeCXXCompilerABI.cpp.o' '-c' '-shared-libgcc' '-mtune=generic' '-march=x86-64']
  ignore line: [ /cvmfs/emphatic.opensciencegrid.org/products/gcc/v9_3_0/Linux64bit+3.10-2.17/bin/../libexec/gcc/x86_64-pc-linux-gnu/9.3.0/cc1plus -quiet -v -iprefix /cvmfs/emphatic.opensciencegrid.org/products/gcc/v9_3_0/Linux64bit+3.10-2.17/bin/../lib/gcc/x86_64-pc-linux-gnu/9.3.0/ -D_GNU_SOURCE /cvmfs/emphatic.opensciencegrid.org/products/cmake/v3_24_1/Linux64bit+3.10-2.17/share/cmake-3.24/Modules/CMakeCXXCompilerABI.cpp -quiet -dumpbase CMakeCXXCompilerABI.cpp -mtune=generic -march=x86-64 -auxbase-strip CMakeFiles/cmTC_24361.dir/CMakeCXXCompilerABI.cpp.o -std=c++17 -version -o /tmp/ccU9q8Vu.s]
  ignore line: [GNU C++17 (GCC) version 9.3.0 (x86_64-pc-linux-gnu)]
  ignore line: [	compiled by GNU C version 9.3.0  GMP version 6.2.0  MPFR version 4.0.2  MPC version 1.1.0  isl version isl-0.18-GMP]
  ignore line: []
  ignore line: [GGC heuristics: --param ggc-min-expand=100 --param ggc-min-heapsize=131072]
  ignore line: [ignoring nonexistent directory "/cvmfs/emphatic.opensciencegrid.org/products/gcc/v9_3_0/Linux64bit+3.10-2.17/bin/../lib/gcc/x86_64-pc-linux-gnu/9.3.0/../../../../x86_64-pc-linux-gnu/include"]
  ignore line: [ignoring duplicate directory "/cvmfs/emphatic.opensciencegrid.org/products/gcc/v9_3_0/Linux64bit+3.10-2.17/bin/../lib/gcc/../../lib/gcc/x86_64-pc-linux-gnu/9.3.0/../../../../include/c++/9.3.0"]
  ignore line: [ignoring duplicate directory "/cvmfs/emphatic.opensciencegrid.org/products/gcc/v9_3_0/Linux64bit+3.10-2.17/bin/../lib/gcc/../../lib/gcc/x86_64-pc-linux-gnu/9.3.0/../../../../include/c++/9.3.0/x86_64-pc-linux-gnu"]
  ignore line: [ignoring duplicate directory "/cvmfs/emphatic.opensciencegrid.org/products/gcc/v9_3_0/Linux64bit+3.10-2.17/bin/../lib/gcc/../../lib/gcc/x86_64-pc-linux-gnu/9.3.0/../../../../include/c++/9.3.0/backward"]
  ignore line: [ignoring duplicate directory "/cvmfs/emphatic.opensciencegrid.org/products/gcc/v9_3_0/Linux64bit+3.10-2.17/bin/../lib/gcc/../../lib/gcc/x86_64-pc-linux-gnu/9.3.0/include"]
  ignore line: [ignoring duplicate directory "/cvmfs/emphatic.opensciencegrid.org/products/gcc/v9_3_0/Linux64bit+3.10-2.17/bin/../lib/gcc/../../lib/gcc/x86_64-pc-linux-gnu/9.3.0/include-fixed"]
  ignore line: [ignoring nonexistent directory "/cvmfs/emphatic.opensciencegrid.org/products/gcc/v9_3_0/Linux64bit+3.10-2.17/bin/../lib/gcc/../../lib/gcc/x86_64-pc-linux-gnu/9.3.0/../../../../x86_64-pc-linux-gnu/include"]
  ignore line: [#include "..." search starts here:]
  ignore line: [#include <...> search starts here:]
  ignore line: [ /cvmfs/emphatic.opensciencegrid.org/products/tbb/v2021_7_0/Linux64bit+3.10-2.17-e20/include]
  ignore line: [ /cvmfs/emphatic.opensciencegrid.org/products/gcc/v9_3_0/Linux64bit+3.10-2.17/bin/../lib/gcc/x86_64-pc-linux-gnu/9.3.0/../../../../include/c++/9.3.0]
  ignore line: [ /cvmfs/emphatic.opensciencegrid.org/products/gcc/v9_3_0/Linux64bit+3.10-2.17/bin/../lib/gcc/x86_64-pc-linux-gnu/9.3.0/../../../../include/c++/9.3.0/x86_64-pc-linux-gnu]
  ignore line: [ /cvmfs/emphatic.opensciencegrid.org/products/gcc/v9_3_0/Linux64bit+3.10-2.17/bin/../lib/gcc/x86_64-pc-linux-gnu/9.3.0/../../../../include/c++/9.3.0/backward]
  ignore line: [ /cvmfs/emphatic.opensciencegrid.org/products/gcc/v9_3_0/Linux64bit+3.10-2.17/bin/../lib/gcc/x86_64-pc-linux-gnu/9.3.0/include]
  ignore line: [ /cvmfs/emphatic.opensciencegrid.org/products/gcc/v9_3_0/Linux64bit+3.10-2.17/bin/../lib/gcc/x86_64-pc-linux-gnu/9.3.0/include-fixed]
  ignore line: [ /usr/local/include]
  ignore line: [ /cvmfs/emphatic.opensciencegrid.org/products/gcc/v9_3_0/Linux64bit+3.10-2.17/bin/../lib/gcc/../../include]
  ignore line: [ /usr/include]
  ignore line: [End of search list.]
  ignore line: [GNU C++17 (GCC) version 9.3.0 (x86_64-pc-linux-gnu)]
  ignore line: [	compiled by GNU C version 9.3.0  GMP version 6.2.0  MPFR version 4.0.2  MPC version 1.1.0  isl version isl-0.18-GMP]
  ignore line: []
  ignore line: [GGC heuristics: --param ggc-min-expand=100 --param ggc-min-heapsize=131072]
  ignore line: [Compiler executable checksum: dc3b2bd628154baa68a7c9e3106d599e]
  ignore line: [COLLECT_GCC_OPTIONS='-v' '-std=c++17' '-o' 'CMakeFiles/cmTC_24361.dir/CMakeCXXCompilerABI.cpp.o' '-c' '-shared-libgcc' '-mtune=generic' '-march=x86-64']
  ignore line: [ as -v --64 -o CMakeFiles/cmTC_24361.dir/CMakeCXXCompilerABI.cpp.o /tmp/ccU9q8Vu.s]
  ignore line: [GNU assembler version 2.27 (x86_64-redhat-linux) using BFD version version 2.27-44.base.el7]
  ignore line: [COMPILER_PATH=/cvmfs/emphatic.opensciencegrid.org/products/gcc/v9_3_0/Linux64bit+3.10-2.17/bin/../libexec/gcc/x86_64-pc-linux-gnu/9.3.0/:/cvmfs/emphatic.opensciencegrid.org/products/gcc/v9_3_0/Linux64bit+3.10-2.17/bin/../libexec/gcc/:/cvmfs/emphatic.opensciencegrid.org/products/gcc/v9_3_0/Linux64bit+3.10-2.17/bin/]
  ignore line: [LIBRARY_PATH=/cvmfs/emphatic.opensciencegrid.org/products/gcc/v9_3_0/Linux64bit+3.10-2.17/bin/../lib/gcc/x86_64-pc-linux-gnu/9.3.0/:/cvmfs/emphatic.opensciencegrid.org/products/gcc/v9_3_0/Linux64bit+3.10-2.17/bin/../lib/gcc/:/cvmfs/emphatic.opensciencegrid.org/products/gcc/v9_3_0/Linux64bit+3.10-2.17/bin/../lib/gcc/x86_64-pc-linux-gnu/9.3.0/../../../../lib64/:/lib/../lib64/:/usr/lib/../lib64/:/cvmfs/emphatic.opensciencegrid.org/products/libwda/v2_30_0/Linux64bit+3.10-2.17/lib/:/cvmfs/emphatic.opensciencegrid.org/products/gcc/v9_3_0/Linux64bit+3.10-2.17/bin/../lib/gcc/x86_64-pc-linux-gnu/9.3.0/../../../:/lib/:/usr/lib/]
  ignore line: [COLLECT_GCC_OPTIONS='-v' '-std=c++17' '-o' 'CMakeFiles/cmTC_24361.dir/CMakeCXXCompilerABI.cpp.o' '-c' '-shared-libgcc' '-mtune=generic' '-march=x86-64']
  ignore line: [[2/2] Linking CXX executable cmTC_24361]
  ignore line: [Using built-in specs.]
  ignore line: [COLLECT_GCC=/cvmfs/emphatic.opensciencegrid.org/products/gcc/v9_3_0/Linux64bit+3.10-2.17/bin/g++]
  ignore line: [COLLECT_LTO_WRAPPER=/cvmfs/emphatic.opensciencegrid.org/products/gcc/v9_3_0/Linux64bit+3.10-2.17/bin/../libexec/gcc/x86_64-pc-linux-gnu/9.3.0/lto-wrapper]
  ignore line: [Target: x86_64-pc-linux-gnu]
  ignore line: [Configured with: /scratch/workspace/art-build-base/v11_00_00/SLF7/build/gcc/v9_3_0/src/gcc-9.3.0/configure --prefix=/scratch/workspace/art-build-base/v11_00_00/SLF7/build/gcc/v9_3_0/Linux64bit+3.10-2.17 --disable-libgcj --enable-threads=posix --enable-__cxa_atexit --enable-languages=c c++ fortran lto --with-system-zlib --enable-libstdcxx-time=rt --enable-stage1-checking=yes --enable-checking=release --enable-plugin --enable-lto]
  ignore line: [Thread model: posix]
  ignore line: [gcc version 9.3.0 (GCC) ]
  ignore line: [COMPILER_PATH=/cvmfs/emphatic.opensciencegrid.org/products/gcc/v9_3_0/Linux64bit+3.10-2.17/bin/../libexec/gcc/x86_64-pc-linux-gnu/9.3.0/:/cvmfs/emphatic.opensciencegrid.org/products/gcc/v9_3_0/Linux64bit+3.10-2.17/bin/../libexec/gcc/:/cvmfs/emphatic.opensciencegrid.org/products/gcc/v9_3_0/Linux64bit+3.10-2.17/bin/]
  ignore line: [LIBRARY_PATH=/cvmfs/emphatic.opensciencegrid.org/products/gcc/v9_3_0/Linux64bit+3.10-2.17/bin/../lib/gcc/x86_64-pc-linux-gnu/9.3.0/:/cvmfs/emphatic.opensciencegrid.org/products/gcc/v9_3_0/Linux64bit+3.10-2.17/bin/../lib/gcc/:/cvmfs/emphatic.opensciencegrid.org/products/gcc/v9_3_0/Linux64bit+3.10-2.17/bin/../lib/gcc/x86_64-pc-linux-gnu/9.3.0/../../../../lib64/:/lib/../lib64/:/usr/lib/../lib64/:/cvmfs/emphatic.opensciencegrid.org/products/libwda/v2_30_0/Linux64bit+3.10-2.17/lib/:/cvmfs/emphatic.opensciencegrid.org/products/gcc/v9_3_0/Linux64bit+3.10-2.17/bin/../lib/gcc/x86_64-pc-linux-gnu/9.3.0/../../../:/lib/:/usr/lib/]
  ignore line: [COLLECT_GCC_OPTIONS='-v' '-o' 'cmTC_24361' '-shared-libgcc' '-mtune=generic' '-march=x86-64']
  link line: [ /cvmfs/emphatic.opensciencegrid.org/products/gcc/v9_3_0/Linux64bit+3.10-2.17/bin/../libexec/gcc/x86_64-pc-linux-gnu/9.3.0/collect2 -plugin /cvmfs/emphatic.opensciencegrid.org/products/gcc/v9_3_0/Linux64bit+3.10-2.17/bin/../libexec/gcc/x86_64-pc-linux-gnu/9.3.0/liblto_plugin.so -plugin-opt=/cvmfs/emphatic.opensciencegrid.org/products/gcc/v9_3_0/Linux64bit+3.10-2.17/bin/../libexec/gcc/x86_64-pc-linux-gnu/9.3.0/lto-wrapper -plugin-opt=-fresolution=/tmp/ccI2EjZI.res -plugin-opt=-pass-through=-lgcc_s -plugin-opt=-pass-through=-lgcc -plugin-opt=-pass-through=-lc -plugin-opt=-pass-through=-lgcc_s -plugin-opt=-pass-through=-lgcc --eh-frame-hdr -m elf_x86_64 -dynamic-linker /lib64/ld-linux-x86-64.so.2 -o cmTC_24361 /lib/../lib64/crt1.o /lib/../lib64/crti.o /cvmfs/emphatic.opensciencegrid.org/products/gcc/v9_3_0/Linux64bit+3.10-2.17/bin/../lib/gcc/x86_64-pc-linux-gnu/9.3.0/crtbegin.o -L/cvmfs/emphatic.opensciencegrid.org/products/gcc/v9_3_0/Linux64bit+3.10-2.17/bin/../lib/gcc/x86_64-pc-linux-gnu/9.3.0 -L/cvmfs/emphatic.opensciencegrid.org/products/gcc/v9_3_0/Linux64bit+3.10-2.17/bin/../lib/gcc -L/cvmfs/emphatic.opensciencegrid.org/products/gcc/v9_3_0/Linux64bit+3.10-2.17/bin/../lib/gcc/x86_64-pc-linux-gnu/9.3.0/../../../../lib64 -L/lib/../lib64 -L/usr/lib/../lib64 -L/cvmfs/emphatic.opensciencegrid.org/products/libwda/v2_30_0/Linux64bit+3.10-2.17/lib -L/cvmfs/emphatic.opensciencegrid.org/products/gcc/v9_3_0/Linux64bit+3.10-2.17/bin/../lib/gcc/x86_64-pc-linux-gnu/9.3.0/../../.. CMakeFiles/cmTC_24361.dir/CMakeCXXCompilerABI.cpp.o -lstdc++ -lm -lgcc_s -lgcc -lc -lgcc_s -lgcc /cvmfs/emphatic.opensciencegrid.org/products/gcc/v9_3_0/Linux64bit+3.10-2.17/bin/../lib/gcc/x86_64-pc-linux-gnu/9.3.0/crtend.o /lib/../lib64/crtn.o]
    arg [/cvmfs/emphatic.opensciencegrid.org/products/gcc/v9_3_0/Linux64bit+3.10-2.17/bin/../libexec/gcc/x86_64-pc-linux-gnu/9.3.0/collect2] ==> ignore
    arg [-plugin] ==> ignore
    arg [/cvmfs/emphatic.opensciencegrid.org/products/gcc/v9_3_0/Linux64bit+3.10-2.17/bin/../libexec/gcc/x86_64-pc-linux-gnu/9.3.0/liblto_plugin.so] ==> ignore
    arg [-plugin-opt=/cvmfs/emphatic.opensciencegrid.org/products/gcc/v9_3_0/Linux64bit+3.10-2.17/bin/../libexec/gcc/x86_64-pc-linux-gnu/9.3.0/lto-wrapper] ==> ignore
    arg [-plugin-opt=-fresolution=/tmp/ccI2EjZI.res] ==> ignore
    arg [-plugin-opt=-pass-through=-lgcc_s] ==> ignore
    arg [-plugin-opt=-pass-through=-lgcc] ==> ignore
    arg [-plugin-opt=-pass-through=-lc] ==> ignore
    arg [-plugin-opt=-pass-through=-lgcc_s] ==> ignore
    arg [-plugin-opt=-pass-through=-lgcc] ==> ignore
    arg [--eh-frame-hdr] ==> ignore
    arg [-m] ==> ignore
    arg [elf_x86_64] ==> ignore
    arg [-dynamic-linker] ==> ignore
    arg [/lib64/ld-linux-x86-64.so.2] ==> ignore
    arg [-o] ==> ignore
    arg [cmTC_24361] ==> ignore
    arg [/lib/../lib64/crt1.o] ==> obj [/lib/../lib64/crt1.o]
    arg [/lib/../lib64/crti.o] ==> obj [/lib/../lib64/crti.o]
    arg [/cvmfs/emphatic.opensciencegrid.org/products/gcc/v9_3_0/Linux64bit+3.10-2.17/bin/../lib/gcc/x86_64-pc-linux-gnu/9.3.0/crtbegin.o] ==> obj [/cvmfs/emphatic.opensciencegrid.org/products/gcc/v9_3_0/Linux64bit+3.10-2.17/bin/../lib/gcc/x86_64-pc-linux-gnu/9.3.0/crtbegin.o]
    arg [-L/cvmfs/emphatic.opensciencegrid.org/products/gcc/v9_3_0/Linux64bit+3.10-2.17/bin/../lib/gcc/x86_64-pc-linux-gnu/9.3.0] ==> dir [/cvmfs/emphatic.opensciencegrid.org/products/gcc/v9_3_0/Linux64bit+3.10-2.17/bin/../lib/gcc/x86_64-pc-linux-gnu/9.3.0]
    arg [-L/cvmfs/emphatic.opensciencegrid.org/products/gcc/v9_3_0/Linux64bit+3.10-2.17/bin/../lib/gcc] ==> dir [/cvmfs/emphatic.opensciencegrid.org/products/gcc/v9_3_0/Linux64bit+3.10-2.17/bin/../lib/gcc]
    arg [-L/cvmfs/emphatic.opensciencegrid.org/products/gcc/v9_3_0/Linux64bit+3.10-2.17/bin/../lib/gcc/x86_64-pc-linux-gnu/9.3.0/../../../../lib64] ==> dir [/cvmfs/emphatic.opensciencegrid.org/products/gcc/v9_3_0/Linux64bit+3.10-2.17/bin/../lib/gcc/x86_64-pc-linux-gnu/9.3.0/../../../../lib64]
    arg [-L/lib/../lib64] ==> dir [/lib/../lib64]
    arg [-L/usr/lib/../lib64] ==> dir [/usr/lib/../lib64]
    arg [-L/cvmfs/emphatic.opensciencegrid.org/products/libwda/v2_30_0/Linux64bit+3.10-2.17/lib] ==> dir [/cvmfs/emphatic.opensciencegrid.org/products/libwda/v2_30_0/Linux64bit+3.10-2.17/lib]
    arg [-L/cvmfs/emphatic.opensciencegrid.org/products/gcc/v9_3_0/Linux64bit+3.10-2.17/bin/../lib/gcc/x86_64-pc-linux-gnu/9.3.0/../../..] ==> dir [/cvmfs/emphatic.opensciencegrid.org/products/gcc/v9_3_0/Linux64bit+3.10-2.17/bin/../lib/gcc/x86_64-pc-linux-gnu/9.3.0/../../..]
    arg [CMakeFiles/cmTC_24361.dir/CMakeCXXCompilerABI.cpp.o] ==> ignore
    arg [-lstdc++] ==> lib [stdc++]
    arg [-lm] ==> lib [m]
    arg [-lgcc_s] ==> lib [gcc_s]
    arg [-lgcc] ==> lib [gcc]
    arg [-lc] ==> lib [c]
    arg [-lgcc_s] ==> lib [gcc_s]
    arg [-lgcc] ==> lib [gcc]
    arg [/cvmfs/emphatic.opensciencegrid.org/products/gcc/v9_3_0/Linux64bit+3.10-2.17/bin/../lib/gcc/x86_64-pc-linux-gnu/9.3.0/crtend.o] ==> obj [/cvmfs/emphatic.opensciencegrid.org/products/gcc/v9_3_0/Linux64bit+3.10-2.17/bin/../lib/gcc/x86_64-pc-linux-gnu/9.3.0/crtend.o]
    arg [/lib/../lib64/crtn.o] ==> obj [/lib/../lib64/crtn.o]
  collapse obj [/lib/../lib64/crt1.o] ==> [/lib64/crt1.o]
  collapse obj [/lib/../lib64/crti.o] ==> [/lib64/crti.o]
  collapse obj [/cvmfs/emphatic.opensciencegrid.org/products/gcc/v9_3_0/Linux64bit+3.10-2.17/bin/../lib/gcc/x86_64-pc-linux-gnu/9.3.0/crtbegin.o] ==> [/cvmfs/emphatic.opensciencegrid.org/products/gcc/v9_3_0/Linux64bit+3.10-2.17/lib/gcc/x86_64-pc-linux-gnu/9.3.0/crtbegin.o]
  collapse obj [/cvmfs/emphatic.opensciencegrid.org/products/gcc/v9_3_0/Linux64bit+3.10-2.17/bin/../lib/gcc/x86_64-pc-linux-gnu/9.3.0/crtend.o] ==> [/cvmfs/emphatic.opensciencegrid.org/products/gcc/v9_3_0/Linux64bit+3.10-2.17/lib/gcc/x86_64-pc-linux-gnu/9.3.0/crtend.o]
  collapse obj [/lib/../lib64/crtn.o] ==> [/lib64/crtn.o]
  collapse library dir [/cvmfs/emphatic.opensciencegrid.org/products/gcc/v9_3_0/Linux64bit+3.10-2.17/bin/../lib/gcc/x86_64-pc-linux-gnu/9.3.0] ==> [/cvmfs/emphatic.opensciencegrid.org/products/gcc/v9_3_0/Linux64bit+3.10-2.17/lib/gcc/x86_64-pc-linux-gnu/9.3.0]
  collapse library dir [/cvmfs/emphatic.opensciencegrid.org/products/gcc/v9_3_0/Linux64bit+3.10-2.17/bin/../lib/gcc] ==> [/cvmfs/emphatic.opensciencegrid.org/products/gcc/v9_3_0/Linux64bit+3.10-2.17/lib/gcc]
  collapse library dir [/cvmfs/emphatic.opensciencegrid.org/products/gcc/v9_3_0/Linux64bit+3.10-2.17/bin/../lib/gcc/x86_64-pc-linux-gnu/9.3.0/../../../../lib64] ==> [/cvmfs/emphatic.opensciencegrid.org/products/gcc/v9_3_0/Linux64bit+3.10-2.17/lib64]
  collapse library dir [/lib/../lib64] ==> [/lib64]
  collapse library dir [/usr/lib/../lib64] ==> [/usr/lib64]
  collapse library dir [/cvmfs/emphatic.opensciencegrid.org/products/libwda/v2_30_0/Linux64bit+3.10-2.17/lib] ==> [/cvmfs/emphatic.opensciencegrid.org/products/libwda/v2_30_0/Linux64bit+3.10-2.17/lib]
  collapse library dir [/cvmfs/emphatic.opensciencegrid.org/products/gcc/v9_3_0/Linux64bit+3.10-2.17/bin/../lib/gcc/x86_64-pc-linux-gnu/9.3.0/../../..] ==> [/cvmfs/emphatic.opensciencegrid.org/products/gcc/v9_3_0/Linux64bit+3.10-2.17/lib]
  implicit libs: [stdc++;m;gcc_s;gcc;c;gcc_s;gcc]
  implicit objs: [/lib64/crt1.o;/lib64/crti.o;/cvmfs/emphatic.opensciencegrid.org/products/gcc/v9_3_0/Linux64bit+3.10-2.17/lib/gcc/x86_64-pc-linux-gnu/9.3.0/crtbegin.o;/cvmfs/emphatic.opensciencegrid.org/products/gcc/v9_3_0/Linux64bit+3.10-2.17/lib/gcc/x86_64-pc-linux-gnu/9.3.0/crtend.o;/lib64/crtn.o]
  implicit dirs: [/cvmfs/emphatic.opensciencegrid.org/products/gcc/v9_3_0/Linux64bit+3.10-2.17/lib/gcc/x86_64-pc-linux-gnu/9.3.0;/cvmfs/emphatic.opensciencegrid.org/products/gcc/v9_3_0/Linux64bit+3.10-2.17/lib/gcc;/cvmfs/emphatic.opensciencegrid.org/products/gcc/v9_3_0/Linux64bit+3.10-2.17/lib64;/lib64;/usr/lib64;/cvmfs/emphatic.opensciencegrid.org/products/libwda/v2_30_0/Linux64bit+3.10-2.17/lib;/cvmfs/emphatic.opensciencegrid.org/products/gcc/v9_3_0/Linux64bit+3.10-2.17/lib]
  implicit fwks: []


Detecting C compiler ABI info compiled with the following output:
Change Dir: /build/CMakeFiles/CMakeTmp

Run Build Command(s):/cvmfs/emphatic.opensciencegrid.org/products/ninja/v1_11_0/Linux64bit+3.10-2.17/bin/ninja cmTC_9f1ec && [1/2] Building C object CMakeFiles/cmTC_9f1ec.dir/CMakeCCompilerABI.c.o
Using built-in specs.
COLLECT_GCC=/cvmfs/emphatic.opensciencegrid.org/products/gcc/v9_3_0/Linux64bit+3.10-2.17/bin/gcc
Target: x86_64-pc-linux-gnu
Configured with: /scratch/workspace/art-build-base/v11_00_00/SLF7/build/gcc/v9_3_0/src/gcc-9.3.0/configure --prefix=/scratch/workspace/art-build-base/v11_00_00/SLF7/build/gcc/v9_3_0/Linux64bit+3.10-2.17 --disable-libgcj --enable-threads=posix --enable-__cxa_atexit --enable-languages=c,c++,fortran,lto --with-system-zlib --enable-libstdcxx-time=rt --enable-stage1-checking=yes --enable-checking=release --enable-plugin --enable-lto
Thread model: posix
gcc version 9.3.0 (GCC) 
COLLECT_GCC_OPTIONS='-v' '-o' 'CMakeFiles/cmTC_9f1ec.dir/CMakeCCompilerABI.c.o' '-c' '-mtune=generic' '-march=x86-64'
 /cvmfs/emphatic.opensciencegrid.org/products/gcc/v9_3_0/Linux64bit+3.10-2.17/bin/../libexec/gcc/x86_64-pc-linux-gnu/9.3.0/cc1 -quiet -v -iprefix /cvmfs/emphatic.opensciencegrid.org/products/gcc/v9_3_0/Linux64bit+3.10-2.17/bin/../lib/gcc/x86_64-pc-linux-gnu/9.3.0/ /cvmfs/emphatic.opensciencegrid.org/products/cmake/v3_24_1/Linux64bit+3.10-2.17/share/cmake-3.24/Modules/CMakeCCompilerABI.c -quiet -dumpbase CMakeCCompilerABI.c -mtune=generic -march=x86-64 -auxbase-strip CMakeFiles/cmTC_9f1ec.dir/CMakeCCompilerABI.c.o -version -o /tmp/ccZWUOGC.s
GNU C17 (GCC) version 9.3.0 (x86_64-pc-linux-gnu)
	compiled by GNU C version 9.3.0, GMP version 6.2.0, MPFR version 4.0.2, MPC version 1.1.0, isl version isl-0.18-GMP

GGC heuristics: --param ggc-min-expand=100 --param ggc-min-heapsize=131072
ignoring nonexistent directory "/cvmfs/emphatic.opensciencegrid.org/products/gcc/v9_3_0/Linux64bit+3.10-2.17/bin/../lib/gcc/x86_64-pc-linux-gnu/9.3.0/../../../../x86_64-pc-linux-gnu/include"
ignoring duplicate directory "/cvmfs/emphatic.opensciencegrid.org/products/gcc/v9_3_0/Linux64bit+3.10-2.17/bin/../lib/gcc/../../lib/gcc/x86_64-pc-linux-gnu/9.3.0/include"
ignoring duplicate directory "/cvmfs/emphatic.opensciencegrid.org/products/gcc/v9_3_0/Linux64bit+3.10-2.17/bin/../lib/gcc/../../lib/gcc/x86_64-pc-linux-gnu/9.3.0/include-fixed"
ignoring nonexistent directory "/cvmfs/emphatic.opensciencegrid.org/products/gcc/v9_3_0/Linux64bit+3.10-2.17/bin/../lib/gcc/../../lib/gcc/x86_64-pc-linux-gnu/9.3.0/../../../../x86_64-pc-linux-gnu/include"
#include "..." search starts here:
#include <...> search starts here:
 /cvmfs/emphatic.opensciencegrid.org/products/tbb/v2021_7_0/Linux64bit+3.10-2.17-e20/include
 /cvmfs/emphatic.opensciencegrid.org/products/gcc/v9_3_0/Linux64bit+3.10-2.17/bin/../lib/gcc/x86_64-pc-linux-gnu/9.3.0/include
 /cvmfs/emphatic.opensciencegrid.org/products/gcc/v9_3_0/Linux64bit+3.10-2.17/bin/../lib/gcc/x86_64-pc-linux-gnu/9.3.0/include-fixed
 /usr/local/include
 /cvmfs/emphatic.opensciencegrid.org/products/gcc/v9_3_0/Linux64bit+3.10-2.17/bin/../lib/gcc/../../include
 /usr/include
End of search list.
GNU C17 (GCC) version 9.3.0 (x86_64-pc-linux-gnu)
	compiled by GNU C version 9.3.0, GMP version 6.2.0, MPFR version 4.0.2, MPC version 1.1.0, isl version isl-0.18-GMP

GGC heuristics: --param ggc-min-expand=100 --param ggc-min-heapsize=131072
Compiler executable checksum: 5fbccb8a233c28e3ee333e5ef32b8249
COLLECT_GCC_OPTIONS='-v' '-o' 'CMakeFiles/cmTC_9f1ec.dir/CMakeCCompilerABI.c.o' '-c' '-mtune=generic' '-march=x86-64'
 as -v --64 -o CMakeFiles/cmTC_9f1ec.dir/CMakeCCompilerABI.c.o /tmp/ccZWUOGC.s
GNU assembler version 2.27 (x86_64-redhat-linux) using BFD version version 2.27-44.base.el7
COMPILER_PATH=/cvmfs/emphatic.opensciencegrid.org/products/gcc/v9_3_0/Linux64bit+3.10-2.17/bin/../libexec/gcc/x86_64-pc-linux-gnu/9.3.0/:/cvmfs/emphatic.opensciencegrid.org/products/gcc/v9_3_0/Linux64bit+3.10-2.17/bin/../libexec/gcc/:/cvmfs/emphatic.opensciencegrid.org/products/gcc/v9_3_0/Linux64bit+3.10-2.17/bin/
LIBRARY_PATH=/cvmfs/emphatic.opensciencegrid.org/products/gcc/v9_3_0/Linux64bit+3.10-2.17/bin/../lib/gcc/x86_64-pc-linux-gnu/9.3.0/:/cvmfs/emphatic.opensciencegrid.org/products/gcc/v9_3_0/Linux64bit+3.10-2.17/bin/../lib/gcc/:/cvmfs/emphatic.opensciencegrid.org/products/gcc/v9_3_0/Linux64bit+3.10-2.17/bin/../lib/gcc/x86_64-pc-linux-gnu/9.3.0/../../../../lib64/:/lib/../lib64/:/usr/lib/../lib64/:/cvmfs/emphatic.opensciencegrid.org/products/libwda/v2_30_0/Linux64bit+3.10-2.17/lib/:/cvmfs/emphatic.opensciencegrid.org/products/gcc/v9_3_0/Linux64bit+3.10-2.17/bin/../lib/gcc/x86_64-pc-linux-gnu/9.3.0/../../../:/lib/:/usr/lib/
COLLECT_GCC_OPTIONS='-v' '-o' 'CMakeFiles/cmTC_9f1ec.dir/CMakeCCompilerABI.c.o' '-c' '-mtune=generic' '-march=x86-64'
[2/2] Linking C executable cmTC_9f1ec
Using built-in specs.
COLLECT_GCC=/cvmfs/emphatic.opensciencegrid.org/products/gcc/v9_3_0/Linux64bit+3.10-2.17/bin/gcc
COLLECT_LTO_WRAPPER=/cvmfs/emphatic.opensciencegrid.org/products/gcc/v9_3_0/Linux64bit+3.10-2.17/bin/../libexec/gcc/x86_64-pc-linux-gnu/9.3.0/lto-wrapper
Target: x86_64-pc-linux-gnu
Configured with: /scratch/workspace/art-build-base/v11_00_00/SLF7/build/gcc/v9_3_0/src/gcc-9.3.0/configure --prefix=/scratch/workspace/art-build-base/v11_00_00/SLF7/build/gcc/v9_3_0/Linux64bit+3.10-2.17 --disable-libgcj --enable-threads=posix --enable-__cxa_atexit --enable-languages=c,c++,fortran,lto --with-system-zlib --enable-libstdcxx-time=rt --enable-stage1-checking=yes --enable-checking=release --enable-plugin --enable-lto
Thread model: posix
gcc version 9.3.0 (GCC) 
COMPILER_PATH=/cvmfs/emphatic.opensciencegrid.org/products/gcc/v9_3_0/Linux64bit+3.10-2.17/bin/../libexec/gcc/x86_64-pc-linux-gnu/9.3.0/:/cvmfs/emphatic.opensciencegrid.org/products/gcc/v9_3_0/Linux64bit+3.10-2.17/bin/../libexec/gcc/:/cvmfs/emphatic.opensciencegrid.org/products/gcc/v9_3_0/Linux64bit+3.10-2.17/bin/
LIBRARY_PATH=/cvmfs/emphatic.opensciencegrid.org/products/gcc/v9_3_0/Linux64bit+3.10-2.17/bin/../lib/gcc/x86_64-pc-linux-gnu/9.3.0/:/cvmfs/emphatic.opensciencegrid.org/products/gcc/v9_3_0/Linux64bit+3.10-2.17/bin/../lib/gcc/:/cvmfs/emphatic.opensciencegrid.org/products/gcc/v9_3_0/Linux64bit+3.10-2.17/bin/../lib/gcc/x86_64-pc-linux-gnu/9.3.0/../../../../lib64/:/lib/../lib64/:/usr/lib/../lib64/:/cvmfs/emphatic.opensciencegrid.org/products/libwda/v2_30_0/Linux64bit+3.10-2.17/lib/:/cvmfs/emphatic.opensciencegrid.org/products/gcc/v9_3_0/Linux64bit+3.10-2.17/bin/../lib/gcc/x86_64-pc-linux-gnu/9.3.0/../../../:/lib/:/usr/lib/
COLLECT_GCC_OPTIONS='-v' '-o' 'cmTC_9f1ec' '-mtune=generic' '-march=x86-64'
 /cvmfs/emphatic.opensciencegrid.org/products/gcc/v9_3_0/Linux64bit+3.10-2.17/bin/../libexec/gcc/x86_64-pc-linux-gnu/9.3.0/collect2 -plugin /cvmfs/emphatic.opensciencegrid.org/products/gcc/v9_3_0/Linux64bit+3.10-2.17/bin/../libexec/gcc/x86_64-pc-linux-gnu/9.3.0/liblto_plugin.so -plugin-opt=/cvmfs/emphatic.opensciencegrid.org/products/gcc/v9_3_0/Linux64bit+3.10-2.17/bin/../libexec/gcc/x86_64-pc-linux-gnu/9.3.0/lto-wrapper -plugin-opt=-fresolution=/tmp/ccnvJEVP.res -plugin-opt=-pass-through=-lgcc -plugin-opt=-pass-through=-lgcc_s -plugin-opt=-pass-through=-lc -plugin-opt=-pass-through=-lgcc -plugin-opt=-pass-through=-lgcc_s --eh-frame-hdr -m elf_x86_64 -dynamic-linker /lib64/ld-linux-x86-64.so.2 -o cmTC_9f1ec /lib/../lib64/crt1.o /lib/../lib64/crti.o /cvmfs/emphatic.opensciencegrid.org/products/gcc/v9_3_0/Linux64bit+3.10-2.17/bin/../lib/gcc/x86_64-pc-linux-gnu/9.3.0/crtbegin.o -L/cvmfs/emphatic.opensciencegrid.org/products/gcc/v9_3_0/Linux64bit+3.10-2.17/bin/../lib/gcc/x86_64-pc-linux-gnu/9.3.0 -L/cvmfs/emphatic.opensciencegrid.org/products/gcc/v9_3_0/Linux64bit+3.10-2.17/bin/../lib/gcc -L/cvmfs/emphatic.opensciencegrid.org/products/gcc/v9_3_0/Linux64bit+3.10-2.17/bin/../lib/gcc/x86_64-pc-linux-gnu/9.3.0/../../../../lib64 -L/lib/../lib64 -L/usr/lib/../lib64 -L/cvmfs/emphatic.opensciencegrid.org/products/libwda/v2_30_0/Linux64bit+3.10-2.17/lib -L/cvmfs/emphatic.opensciencegrid.org/products/gcc/v9_3_0/Linux64bit+3.10-2.17/bin/../lib/gcc/x86_64-pc-linux-gnu/9.3.0/../../.. CMakeFiles/cmTC_9f1ec.dir/CMakeCCompilerABI.c.o -lgcc --as-needed -lgcc_s --no-as-needed -lc -lgcc --as-needed -lgcc_s --no-as-needed /cvmfs/emphatic.opensciencegrid.org/products/gcc/v9_3_0/Linux64bit+3.10-2.17/bin/../lib/gcc/x86_64-pc-linux-gnu/9.3.0/crtend.o /lib/../lib64/crtn.o
COLLECT_GCC_OPTIONS='-v' '-o' 'cmTC_9f1ec' '-mtune=generic' '-march=x86-64'



Parsed C implicit include dir info from above output: rv=done
  found start of include info
  found start of implicit include info
    add: [/cvmfs/emphatic.opensciencegrid.org/products/tbb/v2021_7_0/Linux64bit+3.10-2.17-e20/include]
    add: [/cvmfs/emphatic.opensciencegrid.org/products/gcc/v9_3_0/Linux64bit+3.10-2.17/bin/../lib/gcc/x86_64-pc-linux-gnu/9.3.0/include]
    add: [/cvmfs/emphatic.opensciencegrid.org/products/gcc/v9_3_0/Linux64bit+3.10-2.17/bin/../lib/gcc/x86_64-pc-linux-gnu/9.3.0/include-fixed]
    add: [/usr/local/include]
    add: [/cvmfs/emphatic.opensciencegrid.org/products/gcc/v9_3_0/Linux64bit+3.10-2.17/bin/../lib/gcc/../../include]
    add: [/usr/include]
  end of search list found
  collapse include dir [/cvmfs/emphatic.opensciencegrid.org/products/tbb/v2021_7_0/Linux64bit+3.10-2.17-e20/include] ==> [/cvmfs/emphatic.opensciencegrid.org/products/tbb/v2021_7_0/Linux64bit+3.10-2.17-e20/include]
  collapse include dir [/cvmfs/emphatic.opensciencegrid.org/products/gcc/v9_3_0/Linux64bit+3.10-2.17/bin/../lib/gcc/x86_64-pc-linux-gnu/9.3.0/include] ==> [/cvmfs/emphatic.opensciencegrid.org/products/gcc/v9_3_0/Linux64bit+3.10-2.17/lib/gcc/x86_64-pc-linux-gnu/9.3.0/include]
  collapse include dir [/cvmfs/emphatic.opensciencegrid.org/products/gcc/v9_3_0/Linux64bit+3.10-2.17/bin/../lib/gcc/x86_64-pc-linux-gnu/9.3.0/include-fixed] ==> [/cvmfs/emphatic.opensciencegrid.org/products/gcc/v9_3_0/Linux64bit+3.10-2.17/lib/gcc/x86_64-pc-linux-gnu/9.3.0/include-fixed]
  collapse include dir [/usr/local/include] ==> [/usr/local/include]
  collapse include dir [/cvmfs/emphatic.opensciencegrid.org/products/gcc/v9_3_0/Linux64bit+3.10-2.17/bin/../lib/gcc/../../include] ==> [/cvmfs/emphatic.opensciencegrid.org/products/gcc/v9_3_0/Linux64bit+3.10-2.17/include]
  collapse include dir [/usr/include] ==> [/usr/include]
  implicit include dirs: [/cvmfs/emphatic.opensciencegrid.org/products/tbb/v2021_7_0/Linux64bit+3.10-2.17-e20/include;/cvmfs/emphatic.opensciencegrid.org/products/gcc/v9_3_0/Linux64bit+3.10-2.17/lib/gcc/x86_64-pc-linux-gnu/9.3.0/include;/cvmfs/emphatic.opensciencegrid.org/products/gcc/v9_3_0/Linux64bit+3.10-2.17/lib/gcc/x86_64-pc-linux-gnu/9.3.0/include-fixed;/usr/local/include;/cvmfs/emphatic.opensciencegrid.org/products/gcc/v9_3_0/Linux64bit+3.10-2.17/include;/usr/include]


Parsed C implicit link information from above output:
  link line regex: [^( *|.*[/\])(ld|CMAKE_LINK_STARTFILE-NOTFOUND|([^/\]+-)?ld|collect2)[^/\]*( |$)]
  ignore line: [Change Dir: /build/CMakeFiles/CMakeTmp]
  ignore line: []
  ignore line: [Run Build Command(s):/cvmfs/emphatic.opensciencegrid.org/products/ninja/v1_11_0/Linux64bit+3.10-2.17/bin/ninja cmTC_9f1ec && [1/2] Building C object CMakeFiles/cmTC_9f1ec.dir/CMakeCCompilerABI.c.o]
  ignore line: [Using built-in specs.]
  ignore line: [COLLECT_GCC=/cvmfs/emphatic.opensciencegrid.org/products/gcc/v9_3_0/Linux64bit+3.10-2.17/bin/gcc]
  ignore line: [Target: x86_64-pc-linux-gnu]
  ignore line: [Configured with: /scratch/workspace/art-build-base/v11_00_00/SLF7/build/gcc/v9_3_0/src/gcc-9.3.0/configure --prefix=/scratch/workspace/art-build-base/v11_00_00/SLF7/build/gcc/v9_3_0/Linux64bit+3.10-2.17 --disable-libgcj --enable-threads=posix --enable-__cxa_atexit --enable-languages=c c++ fortran lto --with-system-zlib --enable-libstdcxx-time=rt --enable-stage1-checking=yes --enable-checking=release --enable-plugin --enable-lto]
  ignore line: [Thread model: posix]
  ignore line: [gcc version 9.3.0 (GCC) ]
  ignore line: [COLLECT_GCC_OPTIONS='-v' '-o' 'CMakeFiles/cmTC_9f1ec.dir/CMakeCCompilerABI.c.o' '-c' '-mtune=generic' '-march=x86-64']
  ignore line: [ /cvmfs/emphatic.opensciencegrid.org/products/gcc/v9_3_0/Linux64bit+3.10-2.17/bin/../libexec/gcc/x86_64-pc-linux-gnu/9.3.0/cc1 -quiet -v -iprefix /cvmfs/emphatic.opensciencegrid.org/products/gcc/v9_3_0/Linux64bit+3.10-2.17/bin/../lib/gcc/x86_64-pc-linux-gnu/9.3.0/ /cvmfs/emphatic.opensciencegrid.org/products/cmake/v3_24_1/Linux64bit+3.10-2.17/share/cmake-3.24/Modules/CMakeCCompilerABI.c -quiet -dumpbase CMakeCCompilerABI.c -mtune=generic -march=x86-64 -auxbase-strip CMakeFiles/cmTC_9f1ec.dir/CMakeCCompilerABI.c.o -version -o /tmp/ccZWUOGC.s]
  ignore line: [GNU C17 (GCC) version 9.3.0 (x86_64-pc-linux-gnu)]
  ignore line: [	compiled by GNU C version 9.3.0  GMP version 6.2.0  MPFR version 4.0.2  MPC version 1.1.0  isl version isl-0.18-GMP]
  ignore line: []
  ignore line: [GGC heuristics: --param ggc-min-expand=100 --param ggc-min-heapsize=131072]
  ignore line: [ignoring nonexistent directory "/cvmfs/emphatic.opensciencegrid.org/products/gcc/v9_3_0/Linux64bit+3.10-2.17/bin/../lib/gcc/x86_64-pc-linux-gnu/9.3.0/../../../../x86_64-pc-linux-gnu/include"]
  ignore line: [ignoring duplicate directory "/cvmfs/emphatic.opensciencegrid.org/products/gcc/v9_3_0/Linux64bit+3.10-2.17/bin/../lib/gcc/../../lib/gcc/x86_64-pc-linux-gnu/9.3.0/include"]
  ignore line: [ignoring duplicate directory "/cvmfs/emphatic.opensciencegrid.org/products/gcc/v9_3_0/Linux64bit+3.10-2.17/bin/../lib/gcc/../../lib/gcc/x86_64-pc-linux-gnu/9.3.0/include-fixed"]
  ignore line: [ignoring nonexistent directory "/cvmfs/emphatic.opensciencegrid.org/products/gcc/v9_3_0/Linux64bit+3.10-2.17/bin/../lib/gcc/../../lib/gcc/x86_64-pc-linux-gnu/9.3.0/../../../../x86_64-pc-linux-gnu/include"]
  ignore line: [#include "..." search starts here:]
  ignore line: [#include <...> search starts here:]
  ignore line: [ /cvmfs/emphatic.opensciencegrid.org/products/tbb/v2021_7_0/Linux64bit+3.10-2.17-e20/include]
  ignore line: [ /cvmfs/emphatic.opensciencegrid.org/products/gcc/v9_3_0/Linux64bit+3.10-2.17/bin/../lib/gcc/x86_64-pc-linux-gnu/9.3.0/include]
  ignore line: [ /cvmfs/emphatic.opensciencegrid.org/products/gcc/v9_3_0/Linux64bit+3.10-2.17/bin/../lib/gcc/x86_64-pc-linux-gnu/9.3.0/include-fixed]
  ignore line: [ /usr/local/include]
  ignore line: [ /cvmfs/emphatic.opensciencegrid.org/products/gcc/v9_3_0/Linux64bit+3.10-2.17/bin/../lib/gcc/../../include]
  ignore line: [ /usr/include]
  ignore line: [End of search list.]
  ignore line: [GNU C17 (GCC) version 9.3.0 (x86_64-pc-linux-gnu)]
  ignore line: [	compiled by GNU C version 9.3.0  GMP version 6.2.0  MPFR version 4.0.2  MPC version 1.1.0  isl version isl-0.18-GMP]
  ignore line: []
  ignore line: [GGC heuristics: --param ggc-min-expand=100 --param ggc-min-heapsize=131072]
  ignore line: [Compiler executable checksum: 5fbccb8a233c28e3ee333e5ef32b8249]
  ignore line: [COLLECT_GCC_OPTIONS='-v' '-o' 'CMakeFiles/cmTC_9f1ec.dir/CMakeCCompilerABI.c.o' '-c' '-mtune=generic' '-march=x86-64']
  ignore line: [ as -v --64 -o CMakeFiles/cmTC_9f1ec.dir/CMakeCCompilerABI.c.o /tmp/ccZWUOGC.s]
  ignore line: [GNU assembler version 2.27 (x86_64-redhat-linux) using BFD version version 2.27-44.base.el7]
  ignore line: [COMPILER_PATH=/cvmfs/emphatic.opensciencegrid.org/products/gcc/v9_3_0/Linux64bit+3.10-2.17/bin/../libexec/gcc/x86_64-pc-linux-gnu/9.3.0/:/cvmfs/emphatic.opensciencegrid.org/products/gcc/v9_3_0/Linux64bit+3.10-2.17/bin/../libexec/gcc/:/cvmfs/emphatic.opensciencegrid.org/products/gcc/v9_3_0/Linux64bit+3.10-2.17/bin/]
  ignore line: [LIBRARY_PATH=/cvmfs/emphatic.opensciencegrid.org/products/gcc/v9_3_0/Linux64bit+3.10-2.17/bin/../lib/gcc/x86_64-pc-linux-gnu/9.3.0/:/cvmfs/emphatic.opensciencegrid.org/products/gcc/v9_3_0/Linux64bit+3.10-2.17/bin/../lib/gcc/:/cvmfs/emphatic.opensciencegrid.org/products/gcc/v9_3_0/Linux64bit+3.10-2.17/bin/../lib/gcc/x86_64-pc-linux-gnu/9.3.0/../../../../lib64/:/lib/../lib64/:/usr/lib/../lib64/:/cvmfs/emphatic.opensciencegrid.org/products/libwda/v2_30_0/Linux64bit+3.10-2.17/lib/:/cvmfs/emphatic.opensciencegrid.org/products/gcc/v9_3_0/Linux64bit+3.10-2.17/bin/../lib/gcc/x86_64-pc-linux-gnu/9.3.0/../../../:/lib/:/usr/lib/]
  ignore line: [COLLECT_GCC_OPTIONS='-v' '-o' 'CMakeFiles/cmTC_9f1ec.dir/CMakeCCompilerABI.c.o' '-c' '-mtune=generic' '-march=x86-64']
  ignore line: [[2/2] Linking C executable cmTC_9f1ec]
  ignore line: [Using built-in specs.]
  ignore line: [COLLECT_GCC=/cvmfs/emphatic.opensciencegrid.org/products/gcc/v9_3_0/Linux64bit+3.10-2.17/bin/gcc]
  ignore line: [COLLECT_LTO_WRAPPER=/cvmfs/emphatic.opensciencegrid.org/products/gcc/v9_3_0/Linux64bit+3.10-2.17/bin/../libexec/gcc/x86_64-pc-linux-gnu/9.3.0/lto-wrapper]
  ignore line: [Target: x86_64-pc-linux-gnu]
  ignore line: [Configured with: /scratch/workspace/art-build-base/v11_00_00/SLF7/build/gcc/v9_3_0/src/gcc-9.3.0/configure --prefix=/scratch/workspace/art-build-base/v11_00_00/SLF7/build/gcc/v9_3_0/Linux64bit+3.10-2.17 --disable-libgcj --enable-threads=posix --enable-__cxa_atexit --enable-languages=c c++ fortran lto --with-system-zlib --enable-libstdcxx-time=rt --enable-stage1-checking=yes --enable-checking=release --enable-plugin --enable-lto]
  ignore line: [Thread model: posix]
  ignore line: [gcc version 9.3.0 (GCC) ]
  ignore line: [COMPILER_PATH=/cvmfs/emphatic.opensciencegrid.org/products/gcc/v9_3_0/Linux64bit+3.10-2.17/bin/../libexec/gcc/x86_64-pc-linux-gnu/9.3.0/:/cvmfs/emphatic.opensciencegrid.org/products/gcc/v9_3_0/Linux64bit+3.10-2.17/bin/../libexec/gcc/:/cvmfs/emphatic.opensciencegrid.org/products/gcc/v9_3_0/Linux64bit+3.10-2.17/bin/]
  ignore line: [LIBRARY_PATH=/cvmfs/emphatic.opensciencegrid.org/products/gcc/v9_3_0/Linux64bit+3.10-2.17/bin/../lib/gcc/x86_64-pc-linux-gnu/9.3.0/:/cvmfs/emphatic.opensciencegrid.org/products/gcc/v9_3_0/Linux64bit+3.10-2.17/bin/../lib/gcc/:/cvmfs/emphatic.opensciencegrid.org/products/gcc/v9_3_0/Linux64bit+3.10-2.17/bin/../lib/gcc/x86_64-pc-linux-gnu/9.3.0/../../../../lib64/:/lib/../lib64/:/usr/lib/../lib64/:/cvmfs/emphatic.opensciencegrid.org/products/libwda/v2_30_0/Linux64bit+3.10-2.17/lib/:/cvmfs/emphatic.opensciencegrid.org/products/gcc/v9_3_0/Linux64bit+3.10-2.17/bin/../lib/gcc/x86_64-pc-linux-gnu/9.3.0/../../../:/lib/:/usr/lib/]
  ignore line: [COLLECT_GCC_OPTIONS='-v' '-o' 'cmTC_9f1ec' '-mtune=generic' '-march=x86-64']
  link line: [ /cvmfs/emphatic.opensciencegrid.org/products/gcc/v9_3_0/Linux64bit+3.10-2.17/bin/../libexec/gcc/x86_64-pc-linux-gnu/9.3.0/collect2 -plugin /cvmfs/emphatic.opensciencegrid.org/products/gcc/v9_3_0/Linux64bit+3.10-2.17/bin/../libexec/gcc/x86_64-pc-linux-gnu/9.3.0/liblto_plugin.so -plugin-opt=/cvmfs/emphatic.opensciencegrid.org/products/gcc/v9_3_0/Linux64bit+3.10-2.17/bin/../libexec/gcc/x86_64-pc-linux-gnu/9.3.0/lto-wrapper -plugin-opt=-fresolution=/tmp/ccnvJEVP.res -plugin-opt=-pass-through=-lgcc -plugin-opt=-pass-through=-lgcc_s -plugin-opt=-pass-through=-lc -plugin-opt=-pass-through=-lgcc -plugin-opt=-pass-through=-lgcc_s --eh-frame-hdr -m elf_x86_64 -dynamic-linker /lib64/ld-linux-x86-64.so.2 -o cmTC_9f1ec /lib/../lib64/crt1.o /lib/../lib64/crti.o /cvmfs/emphatic.opensciencegrid.org/products/gcc/v9_3_0/Linux64bit+3.10-2.17/bin/../lib/gcc/x86_64-pc-linux-gnu/9.3.0/crtbegin.o -L/cvmfs/emphatic.opensciencegrid.org/products/gcc/v9_3_0/Linux64bit+3.10-2.17/bin/../lib/gcc/x86_64-pc-linux-gnu/9.3.0 -L/cvmfs/emphatic.opensciencegrid.org/products/gcc/v9_3_0/Linux64bit+3.10-2.17/bin/../lib/gcc -L/cvmfs/emphatic.opensciencegrid.org/products/gcc/v9_3_0/Linux64bit+3.10-2.17/bin/../lib/gcc/x86_64-pc-linux-gnu/9.3.0/../../../../lib64 -L/lib/../lib64 -L/usr/lib/../lib64 -L/cvmfs/emphatic.opensciencegrid.org/products/libwda/v2_30_0/Linux64bit+3.10-2.17/lib -L/cvmfs/emphatic.opensciencegrid.org/products/gcc/v9_3_0/Linux64bit+3.10-2.17/bin/../lib/gcc/x86_64-pc-linux-gnu/9.3.0/../../.. CMakeFiles/cmTC_9f1ec.dir/CMakeCCompilerABI.c.o -lgcc --as-needed -lgcc_s --no-as-needed -lc -lgcc --as-needed -lgcc_s --no-as-needed /cvmfs/emphatic.opensciencegrid.org/products/gcc/v9_3_0/Linux64bit+3.10-2.17/bin/../lib/gcc/x86_64-pc-linux-gnu/9.3.0/crtend.o /lib/../lib64/crtn.o]
    arg [/cvmfs/emphatic.opensciencegrid.org/products/gcc/v9_3_0/Linux64bit+3.10-2.17/bin/../libexec/gcc/x86_64-pc-linux-gnu/9.3.0/collect2] ==> ignore
    arg [-plugin] ==> ignore
    arg [/cvmfs/emphatic.opensciencegrid.org/products/gcc/v9_3_0/Linux64bit+3.10-2.17/bin/../libexec/gcc/x86_64-pc-linux-gnu/9.3.0/liblto_plugin.so] ==> ignore
    arg [-plugin-opt=/cvmfs/emphatic.opensciencegrid.org/products/gcc/v9_3_0/Linux64bit+3.10-2.17/bin/../libexec/gcc/x86_64-pc-linux-gnu/9.3.0/lto-wrapper] ==> ignore
    arg [-plugin-opt=-fresolution=/tmp/ccnvJEVP.res] ==> ignore
    arg [-plugin-opt=-pass-through=-lgcc] ==> ignore
    arg [-plugin-opt=-pass-through=-lgcc_s] ==> ignore
    arg [-plugin-opt=-pass-through=-lc] ==> ignore
    arg [-plugin-opt=-pass-through=-lgcc] ==> ignore
    arg [-plugin-opt=-pass-through=-lgcc_s] ==> ignore
    arg [--eh-frame-hdr] ==> ignore
    arg [-m] ==> ignore
    arg [elf_x86_64] ==> ignore
    arg [-dynamic-linker] ==> ignore
    arg [/lib64/ld-linux-x86-64.so.2] ==> ignore
    arg [-o] ==> ignore
    arg [cmTC_9f1ec] ==> ignore
    arg [/lib/../lib64/crt1.o] ==> obj [/lib/../lib64/crt1.o]
    arg [/lib/../lib64/crti.o] ==> obj [/lib/../lib64/crti.o]
    arg [/cvmfs/emphatic.opensciencegrid.org/products/gcc/v9_3_0/Linux64bit+3.10-2.17/bin/../lib/gcc/x86_64-pc-linux-gnu/9.3.0/crtbegin.o] ==> obj [/cvmfs/emphatic.opensciencegrid.org/products/gcc/v9_3_0/Linux64bit+3.10-2.17/bin/../lib/gcc/x86_64-pc-linux-gnu/9.3.0/crtbegin.o]
    arg [-L/cvmfs/emphatic.opensciencegrid.org/products/gcc/v9_3_0/Linux64bit+3.10-2.17/bin/../lib/gcc/x86_64-pc-linux-gnu/9.3.0] ==> dir [/cvmfs/emphatic.opensciencegrid.org/products/gcc/v9_3_0/Linux64bit+3.10-2.17/bin/../lib/gcc/x86_64-pc-linux-gnu/9.3.0]
    arg [-L/cvmfs/emphatic.opensciencegrid.org/products/gcc/v9_3_0/Linux64bit+3.10-2.17/bin/../lib/gcc] ==> dir [/cvmfs/emphatic.opensciencegrid.org/products/gcc/v9_3_0/Linux64bit+3.10-2.17/bin/../lib/gcc]
    arg [-L/cvmfs/emphatic.opensciencegrid.org/products/gcc/v9_3_0/Linux64bit+3.10-2.17/bin/../lib/gcc/x86_64-pc-linux-gnu/9.3.0/../../../../lib64] ==> dir [/cvmfs/emphatic.opensciencegrid.org/products/gcc/v9_3_0/Linux64bit+3.10-2.17/bin/../lib/gcc/x86_64-pc-linux-gnu/9.3.0/../../../../lib64]
    arg [-L/lib/../lib64] ==> dir [/lib/../lib64]
    arg [-L/usr/lib/../lib64] ==> dir [/usr/lib/../lib64]
    arg [-L/cvmfs/emphatic.opensciencegrid.org/products/libwda/v2_30_0/Linux64bit+3.10-2.17/lib] ==> dir [/cvmfs/emphatic.opensciencegrid.org/products/libwda/v2_30_0/Linux64bit+3.10-2.17/lib]
    arg [-L/cvmfs/emphatic.opensciencegrid.org/products/gcc/v9_3_0/Linux64bit+3.10-2.17/bin/../lib/gcc/x86_64-pc-linux-gnu/9.3.0/../../..] ==> dir [/cvmfs/emphatic.opensciencegrid.org/products/gcc/v9_3_0/Linux64bit+3.10-2.17/bin/../lib/gcc/x86_64-pc-linux-gnu/9.3.0/../../..]
    arg [CMakeFiles/cmTC_9f1ec.dir/CMakeCCompilerABI.c.o] ==> ignore
    arg [-lgcc] ==> lib [gcc]
    arg [--as-needed] ==> ignore
    arg [-lgcc_s] ==> lib [gcc_s]
    arg [--no-as-needed] ==> ignore
    arg [-lc] ==> lib [c]
    arg [-lgcc] ==> lib [gcc]
    arg [--as-needed] ==> ignore
    arg [-lgcc_s] ==> lib [gcc_s]
    arg [--no-as-needed] ==> ignore
    arg [/cvmfs/emphatic.opensciencegrid.org/products/gcc/v9_3_0/Linux64bit+3.10-2.17/bin/../lib/gcc/x86_64-pc-linux-gnu/9.3.0/crtend.o] ==> obj [/cvmfs/emphatic.opensciencegrid.org/products/gcc/v9_3_0/Linux64bit+3.10-2.17/bin/../lib/gcc/x86_64-pc-linux-gnu/9.3.0/crtend.o]
    arg [/lib/../lib64/crtn.o] ==> obj [/lib/../lib64/crtn.o]
  collapse obj [/lib/../lib64/crt1.o] ==> [/lib64/crt1.o]
  collapse obj [/lib/../lib64/crti.o] ==> [/lib64/crti.o]
  collapse obj [/cvmfs/emphatic.opensciencegrid.org/products/gcc/v9_3_0/Linux64bit+3.10-2.17/bin/../lib/gcc/x86_64-pc-linux-gnu/9.3.0/crtbegin.o] ==> [/cvmfs/emphatic.opensciencegrid.org/products/gcc/v9_3_0/Linux64bit+3.10-2.17/lib/gcc/x86_64-pc-linux-gnu/9.3.0/crtbegin.o]
  collapse obj [/cvmfs/emphatic.opensciencegrid.org/products/gcc/v9_3_0/Linux64bit+3.10-2.17/bin/../lib/gcc/x86_64-pc-linux-gnu/9.3.0/crtend.o] ==> [/cvmfs/emphatic.opensciencegrid.org/products/gcc/v9_3_0/Linux64bit+3.10-2.17/lib/gcc/x86_64-pc-linux-gnu/9.3.0/crtend.o]
  collapse obj [/lib/../lib64/crtn.o] ==> [/lib64/crtn.o]
  collapse library dir [/cvmfs/emphatic.opensciencegrid.org/products/gcc/v9_3_0/Linux64bit+3.10-2.17/bin/../lib/gcc/x86_64-pc-linux-gnu/9.3.0] ==> [/cvmfs/emphatic.opensciencegrid.org/products/gcc/v9_3_0/Linux64bit+3.10-2.17/lib/gcc/x86_64-pc-linux-gnu/9.3.0]
  collapse library dir [/cvmfs/emphatic.opensciencegrid.org/products/gcc/v9_3_0/Linux64bit+3.10-2.17/bin/../lib/gcc] ==> [/cvmfs/emphatic.opensciencegrid.org/products/gcc/v9_3_0/Linux64bit+3.10-2.17/lib/gcc]
  collapse library dir [/cvmfs/emphatic.opensciencegrid.org/products/gcc/v9_3_0/Linux64bit+3.10-2.17/bin/../lib/gcc/x86_64-pc-linux-gnu/9.3.0/../../../../lib64] ==> [/cvmfs/emphatic.opensciencegrid.org/products/gcc/v9_3_0/Linux64bit+3.10-2.17/lib64]
  collapse library dir [/lib/../lib64] ==> [/lib64]
  collapse library dir [/usr/lib/../lib64] ==> [/usr/lib64]
  collapse library dir [/cvmfs/emphatic.opensciencegrid.org/products/libwda/v2_30_0/Linux64bit+3.10-2.17/lib] ==> [/cvmfs/emphatic.opensciencegrid.org/products/libwda/v2_30_0/Linux64bit+3.10-2.17/lib]
  collapse library dir [/cvmfs/emphatic.opensciencegrid.org/products/gcc/v9_3_0/Linux64bit+3.10-2.17/bin/../lib/gcc/x86_64-pc-linux-gnu/9.3.0/../../..] ==> [/cvmfs/emphatic.opensciencegrid.org/products/gcc/v9_3_0/Linux64bit+3.10-2.17/lib]
  implicit libs: [gcc;gcc_s;c;gcc;gcc_s]
  implicit objs: [/lib64/crt1.o;/lib64/crti.o;/cvmfs/emphatic.opensciencegrid.org/products/gcc/v9_3_0/Linux64bit+3.10-2.17/lib/gcc/x86_64-pc-linux-gnu/9.3.0/crtbegin.o;/cvmfs/emphatic.opensciencegrid.org/products/gcc/v9_3_0/Linux64bit+3.10-2.17/lib/gcc/x86_64-pc-linux-gnu/9.3.0/crtend.o;/lib64/crtn.o]
  implicit dirs: [/cvmfs/emphatic.opensciencegrid.org/products/gcc/v9_3_0/Linux64bit+3.10-2.17/lib/gcc/x86_64-pc-linux-gnu/9.3.0;/cvmfs/emphatic.opensciencegrid.org/products/gcc/v9_3_0/Linux64bit+3.10-2.17/lib/gcc;/cvmfs/emphatic.opensciencegrid.org/products/gcc/v9_3_0/Linux64bit+3.10-2.17/lib64;/lib64;/usr/lib64;/cvmfs/emphatic.opensciencegrid.org/products/libwda/v2_30_0/Linux64bit+3.10-2.17/lib;/cvmfs/emphatic.opensciencegrid.org/products/gcc/v9_3_0/Linux64bit+3.10-2.17/lib]
  implicit fwks: []


Determining if the function pthread_create exists in the pthread passed with the following output:
Change Dir: /build/CMakeFiles/CMakeTmp

Run Build Command(s):/cvmfs/emphatic.opensciencegrid.org/products/ninja/v1_11_0/Linux64bit+3.10-2.17/bin/ninja cmTC_4fc24 && [1/2] Building C object CMakeFiles/cmTC_4fc24.dir/CheckFunctionExists.c.o
[2/2] Linking C executable cmTC_4fc24



Determining if the function XOpenDisplay exists in the /usr/lib64/libX11.so;/usr/lib64/libXext.so passed with the following output:
Change Dir: /build/CMakeFiles/CMakeTmp

Run Build Command(s):/cvmfs/emphatic.opensciencegrid.org/products/ninja/v1_11_0/Linux64bit+3.10-2.17/bin/ninja cmTC_28f2c && [1/2] Building C object CMakeFiles/cmTC_28f2c.dir/CheckFunctionExists.c.o
[2/2] Linking C executable cmTC_28f2c



Determining if the function gethostbyname exists passed with the following output:
Change Dir: /build/CMakeFiles/CMakeTmp

Run Build Command(s):/cvmfs/emphatic.opensciencegrid.org/products/ninja/v1_11_0/Linux64bit+3.10-2.17/bin/ninja cmTC_e7034 && [1/2] Building C object CMakeFiles/cmTC_e7034.dir/CheckFunctionExists.c.o
[2/2] Linking C executable cmTC_e7034



Determining if the function connect exists passed with the following output:
Change Dir: /build/CMakeFiles/CMakeTmp

Run Build Command(s):/cvmfs/emphatic.opensciencegrid.org/products/ninja/v1_11_0/Linux64bit+3.10-2.17/bin/ninja cmTC_f8062 && [1/2] Building C object CMakeFiles/cmTC_f8062.dir/CheckFunctionExists.c.o
[2/2] Linking C executable cmTC_f8062



Determining if the function remove exists passed with the following output:
Change Dir: /build/CMakeFiles/CMakeTmp

Run Build Command(s):/cvmfs/emphatic.opensciencegrid.org/products/ninja/v1_11_0/Linux64bit+3.10-2.17/bin/ninja cmTC_7f1d9 && [1/2] Building C object CMakeFiles/cmTC_7f1d9.dir/CheckFunctionExists.c.o
[2/2] Linking C executable cmTC_7f1d9



Determining if the function shmat exists passed with the following output:
Change Dir: /build/CMakeFiles/CMakeTmp

Run Build Command(s):/cvmfs/emphatic.opensciencegrid.org/products/ninja/v1_11_0/Linux64bit+3.10-2.17/bin/ninja cmTC_5c8a7 && [1/2] Building C object CMakeFiles/cmTC_5c8a7.dir/CheckFunctionExists.c.o
[2/2] Linking C executable cmTC_5c8a7



Determining if the function IceConnectionNumber exists in the ICE passed with the following output:
Change Dir: /build/CMakeFiles/CMakeTmp

Run Build Command(s):/cvmfs/emphatic.opensciencegrid.org/products/ninja/v1_11_0/Linux64bit+3.10-2.17/bin/ninja cmTC_65536 && [1/2] Building C object CMakeFiles/cmTC_65536.dir/CheckFunctionExists.c.o
[2/2] Linking C executable cmTC_65536



